<?xml version="1.0" encoding="UTF-8"?>
<!-- Generated by org.testng.reporters.JUnitReportReporter -->
<testsuite hostname="DESKTOP-J9V9AO9" failures="0" tests="1" name="com.training.tests.UsermenuTestcase" time="7.725" errors="0" timestamp="2024-12-14T14:35:26 EST" skipped="0">
  <testcase classname="com.training.tests.UsermenuTestcase" name="TC05usermenudropdown" time="7.725"/>
  <system-out/>
</testsuite> <!-- com.training.tests.UsermenuTestcase -->
