<?xml version="1.0" encoding="UTF-8"?>
<!-- Generated by org.testng.reporters.JUnitReportReporter -->
<testsuite hostname="DESKTOP-J9V9AO9" failures="0" tests="1" name="com.training.tests.LoginTest" time="8.876" errors="0" timestamp="2024-12-14T15:47:37 EST" skipped="0">
  <testcase classname="com.training.tests.LoginTest" name="TC03loginwithRememberme" time="8.876"/>
  <system-out/>
</testsuite> <!-- com.training.tests.LoginTest -->
