<?xml version="1.0" encoding="UTF-8"?>
<!-- Generated by org.testng.reporters.JUnitReportReporter -->
<testsuite hostname="DESKTOP-J9V9AO9" failures="0" tests="1" name="com.training.tests.accountsTest" time="12.586" errors="0" timestamp="2024-12-14T16:04:48 EST" skipped="0">
  <testcase classname="com.training.tests.accountsTest" name="TC014CreateAccountreport" time="12.586"/>
  <system-out/>
</testsuite> <!-- com.training.tests.accountsTest -->
