<?xml version="1.0" encoding="UTF-8"?>
<!-- Generated by org.testng.reporters.JUnitReportReporter -->
<testsuite hostname="DESKTOP-J9V9AO9" failures="0" tests="5" name="com.training.tests.LoginTest" time="23.082" errors="0" timestamp="2024-12-15T12:06:23 EST" skipped="0">
  <testcase classname="com.training.tests.LoginTest" name="TC01" time="5.074"/>
  <testcase classname="com.training.tests.LoginTest" name="TC02logintoapp" time="8.012"/>
  <testcase classname="com.training.tests.LoginTest" name="TC03loginwithRememberme" time="5.032"/>
  <testcase classname="com.training.tests.LoginTest" name="TC04forgotpassword" time="2.329"/>
  <testcase classname="com.training.tests.LoginTest" name="TC04bvalidLoginErrorMessage" time="2.635"/>
</testsuite> <!-- com.training.tests.LoginTest -->
